Arguments: 
  C:\Program Files\nodejs\node.exe C:\Users\alpea\AppData\Roaming\npm\node_modules\yarn\bin\yarn.js

PATH: 
  "C:\Program Files\Java\jdk1.8.0_291\bin;C:\Program Files\Java\jdk1.8.0_291\jre\bin";C:\Program Files (x86)\Common Files\Oracle\Java\javapath;C:\Windows\system32;C:\Windows;C:\Windows\System32\Wbem;C:\Windows\System32\WindowsPowerShell\v1.0\;C:\Windows\System32\OpenSSH\;C:\Program Files (x86)\NVIDIA Corporation\PhysX\Common;C:\Program Files\NVIDIA Corporation\NVIDIA NvDLISR;C:\Program Files\TortoiseSVN\bin;C:\Program Files\Git\cmd;D:\phpstudy_pro\Extensions\php\php7.3.4nts;C:\ProgramData\ComposerSetup\bin;D:\software\hadoop-3.2.2\bin;D:\software\apache-maven-3.8.1\bin;C:\Program Files\TortoiseGit\bin;C:\Program Files\Microsoft SQL Server\150\Tools\Binn\;C:\Program Files\Microsoft SQL Server\Client SDK\ODBC\170\Tools\Binn\;C:\Program Files\dotnet\;C:\WINDOWS\system32;C:\WINDOWS;C:\WINDOWS\System32\Wbem;C:\WINDOWS\System32\WindowsPowerShell\v1.0\;C:\WINDOWS\System32\OpenSSH\;C:\Program Files\OpenVPN\bin;C:\Program Files (x86)\Tencent\微信web开发者工具\d;C:\Program Files (x86)\Tencent;C:\Users\alpea\AppData\Roaming\nvm;C:\Program Files\nodejs;C:\msys64\usr\bin;D:\Program Files\nodejs\node_modules\npm\node_modules\npm-lifecycle\node-gyp-bin;C:\Users\alpea\AppData\Roaming\npm\node_modules\windows-build-tools\node_modules\.bin;C:\Users\alpea\AppData\Roaming\npm\node_modules\.bin;"C:\Program Files\Java\jdk1.8.0_291\bin;C:\Program Files\Java\jdk1.8.0_291\jre\bin";C:\Program Files (x86)\Common Files\Oracle\Java\javapath;C:\Windows\system32;C:\Windows;C:\Windows\System32\Wbem;C:\Windows\System32\WindowsPowerShell\v1.0\;C:\Windows\System32\OpenSSH\;C:\Program Files (x86)\NVIDIA Corporation\PhysX\Common;C:\Program Files\NVIDIA Corporation\NVIDIA NvDLISR;C:\Program Files\TortoiseSVN\bin;C:\Program Files\Git\cmd;D:\phpstudy_pro\Extensions\php\php7.3.4nts;C:\ProgramData\ComposerSetup\bin;C:\Program Files\OpenVPN\bin;D:\Program Files\nodejs\;D:\software\hadoop-3.2.2\bin;D:\software\apache-maven-3.8.1\bin;C:\Program Files\TortoiseGit\bin;C:\Program Files\Microsoft SQL Server\150\Tools\Binn\;C:\Program Files\Microsoft SQL Server\Clien;C:\Users\alpea\AppData\Roaming\npm;C:\Users\alpea\AppData\Local\Programs\Microsoft VS Code\bin;C:\Users\alpea\AppData\Local\Microsoft\WindowsApps;C:\msys64\mingw64\bin;C:\Users\alpea\AppData\Roaming\nvm;C:\Program Files\nodejs;C:\Users\alpea\.dotnet\tools

Yarn version: 
  1.22.19

Node version: 
  14.17.1

Platform: 
  win32 x64

Trace: 
  Error: connect ETIMEDOUT 104.16.1.35:443
      at TCPConnectWrap.afterConnect [as oncomplete] (net.js:1148:16)

npm manifest: 
  {
    "name": "jeepay-ui-manager",
    "version": "1.10.0",
    "private": true,
    "scripts": {
      "serve": "vue-cli-service serve",
      "build": "vue-cli-service build",
      "test:unit": "vue-cli-service test:unit",
      "lint": "vue-cli-service lint",
      "build:preview": "vue-cli-service build --mode preview",
      "lint:nofix": "vue-cli-service lint --no-fix"
    },
    "dependencies": {
      "@ant-design-vue/pro-layout": "^1.0.7",
      "@antv/data-set": "^0.10.2",
      "@antv/g2plot": "^2.3.21",
      "@antv/util": "^2.0.13",
      "ant-design-vue": "^1.7.2",
      "axios": "^0.19.0",
      "core-js": "^3.1.2",
      "enquire.js": "^2.1.6",
      "js-base64": "^2.5.2",
      "lodash.clonedeep": "^4.5.0",
      "lodash.get": "^4.4.2",
      "lodash.pick": "^4.4.0",
      "md5": "^2.2.1",
      "mockjs2": "1.0.8",
      "moment": "^2.24.0",
      "nprogress": "^0.2.0",
      "store": "^2.0.12",
      "viser-vue": "^2.4.6",
      "vue": "^2.6.10",
      "vue-clipboard2": "^0.2.1",
      "vue-cropper": "0.4.9",
      "vue-i18n": "^8.17.4",
      "vue-quill-editor": "^3.0.6",
      "vue-router": "^3.1.2",
      "vue-svg-component-runtime": "^1.0.1",
      "vuex": "^3.1.1",
      "wangeditor": "^3.1.1"
    },
    "devDependencies": {
      "@ant-design/colors": "^3.2.1",
      "@vue/cli-plugin-babel": "^4.0.4",
      "@vue/cli-plugin-eslint": "^4.0.4",
      "@vue/cli-plugin-router": "^4.0.4",
      "@vue/cli-plugin-unit-jest": "^4.0.4",
      "@vue/cli-plugin-vuex": "^4.0.4",
      "@vue/cli-service": "^4.0.4",
      "@vue/eslint-config-standard": "^4.0.0",
      "@vue/test-utils": "^1.0.0-beta.29",
      "babel-eslint": "^10.0.1",
      "babel-plugin-import": "^1.12.2",
      "babel-plugin-transform-remove-console": "^6.9.4",
      "eslint": "^5.16.0",
      "eslint-plugin-html": "^5.0.0",
      "eslint-plugin-import": "^2.29.1",
      "eslint-plugin-node": "^11.1.0",
      "eslint-plugin-standard": "^5.0.0",
      "eslint-plugin-vue": "^5.2.3",
      "git-revision-webpack-plugin": "^3.0.6",
      "less": "^3.0.4",
      "less-loader": "^5.0.0",
      "opencollective": "^1.0.3",
      "opencollective-postinstall": "^2.0.2",
      "style-resources-loader": "^1.4.1",
      "vue-cli-plugin-style-resources-loader": "^0.1.5",
      "vue-svg-icon-loader": "^2.1.1",
      "vue-template-compiler": "^2.6.10",
      "webpack-theme-color-replacer": "^1.3.12"
    }
  }

yarn manifest: 
  No manifest

Lockfile: 
  No lockfile
